app/build/outputs/logs/manifest-merger-debug-report.txt
-- Merging decision tree log ---
manifest
ADDED from src/main/AndroidManifest.xml:1:1-24:12
	xmlns:android
		ADDED from src/main/AndroidManifest.xml:1:11-69
	package
		ADDED from src/main/AndroidManifest.xml:2:11-85
		INJECTED from src/main/AndroidManifest.xml
		INJECTED from src/main/AndroidManifest.xml
	android:versionName
		ADDED from src/main/AndroidManifest.xml:3:11-36
		INJECTED from src/main/AndroidManifest.xml
		INJECTED from src/main/AndroidManifest.xml
uses-sdk
ADDED from src/main/AndroidManifest.xml:5:3-7:41
	android:targetSdkVersion
		ADDED from src/main/AndroidManifest.xml:7:9-38
		INJECTED from src/main/AndroidManifest.xml
		INJECTED from src/main/AndroidManifest.xml
	android:minSdkVersion
		ADDED from src/main/AndroidManifest.xml:6:9-34
		INJECTED from src/main/AndroidManifest.xml
		INJECTED from src/main/AndroidManifest.xml
application
ADDED from src/main/AndroidManifest.xml:9:3-23:17
	android:icon
		ADDED from src/main/AndroidManifest.xml:9:16-45
activity#com.somitsolutions.training.android.uniqueidgeneratorapplication.UniqueIDGeneratorActivity
ADDED from src/main/AndroidManifest.xml:11:5-17:16
	android:label
		ADDED from src/main/AndroidManifest.xml:12:19-51
	android:name
		ADDED from src/main/AndroidManifest.xml:11:15-120
intent-filter#android.intent.action.MAIN+android.intent.category.LAUNCHER
ADDED from src/main/AndroidManifest.xml:13:7-16:23
action#android.intent.action.MAIN
ADDED from src/main/AndroidManifest.xml:14:9-61
	android:name
		ADDED from src/main/AndroidManifest.xml:14:17-58
category#android.intent.category.LAUNCHER
ADDED from src/main/AndroidManifest.xml:15:9-69
	android:name
		ADDED from src/main/AndroidManifest.xml:15:19-66
service#com.somitsolutions.training.android.uniqueidgeneratorapplication.UniqueIDGeneratorService
ADDED from src/main/AndroidManifest.xml:19:5-22:15
	android:process
		ADDED from src/main/AndroidManifest.xml:21:14-39
	android:exported
		ADDED from src/main/AndroidManifest.xml:20:14-37
	android:name
		ADDED from src/main/AndroidManifest.xml:19:14-118